0 info it worked if it ends with ok
1 verbose cli [ '/usr/local/bin/node',
1 verbose cli   '/Users/elmarion/Projects/Demos/v-money/node_modules/.bin/npm',
1 verbose cli   'run',
1 verbose cli   'build',
1 verbose cli   '--',
1 verbose cli   '--disable-compress' ]
2 info using npm@3.10.10
3 info using node@v10.14.2
4 warn invalid config loglevel="notice"
5 verbose run-script [ 'prebuild', 'build', 'postbuild' ]
6 info lifecycle v-money@0.8.1~prebuild: v-money@0.8.1
7 silly lifecycle v-money@0.8.1~prebuild: no script for prebuild, continuing
8 info lifecycle v-money@0.8.1~build: v-money@0.8.1
9 verbose lifecycle v-money@0.8.1~build: unsafe-perm in lifecycle true
10 verbose lifecycle v-money@0.8.1~build: PATH: /Users/elmarion/Projects/Demos/v-money/node_modules/npm/bin/node-gyp-bin:/Users/elmarion/Projects/Demos/v-money/node_modules/.bin:/usr/local/lib/node_modules/npm/node_modules/npm-lifecycle/node-gyp-bin:/Users/elmarion/Projects/Demos/v-money/node_modules/.bin:/usr/local/bin:/usr/bin:/bin:/usr/sbin:/sbin:/Users/elmarion/Projects/Demos/v-money/node_modules/.bin
11 verbose lifecycle v-money@0.8.1~build: CWD: /Users/elmarion/Projects/Demos/v-money
12 silly lifecycle v-money@0.8.1~build: Args: [ '-c',
12 silly lifecycle   'vue build ./src/index.js --config ./build.config.js --dist ./dist/ --prod --lib "--disable-compress"' ]
13 silly lifecycle v-money@0.8.1~build: Returned: code: 1  signal: null
14 info lifecycle v-money@0.8.1~build: Failed to exec build script
15 verbose stack Error: v-money@0.8.1 build: `vue build ./src/index.js --config ./build.config.js --dist ./dist/ --prod --lib "--disable-compress"`
15 verbose stack Exit status 1
15 verbose stack     at EventEmitter.<anonymous> (/Users/elmarion/Projects/Demos/v-money/node_modules/npm/lib/utils/lifecycle.js:255:16)
15 verbose stack     at EventEmitter.emit (events.js:182:13)
15 verbose stack     at ChildProcess.<anonymous> (/Users/elmarion/Projects/Demos/v-money/node_modules/npm/lib/utils/spawn.js:40:14)
15 verbose stack     at ChildProcess.emit (events.js:182:13)
15 verbose stack     at maybeClose (internal/child_process.js:962:16)
15 verbose stack     at Process.ChildProcess._handle.onexit (internal/child_process.js:251:5)
16 verbose pkgid v-money@0.8.1
17 verbose cwd /Users/elmarion/Projects/Demos/v-money
18 error Darwin 18.2.0
19 error argv "/usr/local/bin/node" "/Users/elmarion/Projects/Demos/v-money/node_modules/.bin/npm" "run" "build" "--" "--disable-compress"
20 error node v10.14.2
21 error npm  v3.10.10
22 error code ELIFECYCLE
23 error v-money@0.8.1 build: `vue build ./src/index.js --config ./build.config.js --dist ./dist/ --prod --lib "--disable-compress"`
23 error Exit status 1
24 error Failed at the v-money@0.8.1 build script 'vue build ./src/index.js --config ./build.config.js --dist ./dist/ --prod --lib "--disable-compress"'.
24 error Make sure you have the latest version of node.js and npm installed.
24 error If you do, this is most likely a problem with the v-money package,
24 error not with npm itself.
24 error Tell the author that this fails on your system:
24 error     vue build ./src/index.js --config ./build.config.js --dist ./dist/ --prod --lib "--disable-compress"
24 error You can get information on how to open an issue for this project with:
24 error     npm bugs v-money
24 error Or if that isn't available, you can get their info via:
24 error     npm owner ls v-money
24 error There is likely additional logging output above.
25 verbose exit [ 1, true ]
